Der Buildvorgang wurde am 16.05.2013 14:25:38 gestartet.
     1>Projekt "C:\Users\Thao\Desktop\gruppeB4\GruppeB4\GruppeB4\GruppeB4\GruppeB4.vcxproj" auf Knoten "2", Build Ziel(e).
     1>ClCompile:
         C:\Program Files (x86)\Microsoft Visual Studio 11.0\VC\bin\CL.exe /c /ZI /nologo /W3 /WX- /Od /Oy- /D WIN32 /D _DEBUG /D _CONSOLE /D _UNICODE /D UNICODE /Gm /EHsc /RTC1 /MDd /GS /fp:precise /Zc:wchar_t /Zc:forScope /Fo"Debug\\" /Fd"Debug\vc110.pdb" /Gd /TP /analyze- /errorReport:prompt LevelSegment.cpp main.cpp Menue.cpp Player.cpp Resourcemanager.cpp Timer.cpp World.cpp
         World.cpp
     1>c:\users\thao\desktop\gruppeb4\gruppeb4\gruppeb4\gruppeb4\resourcemanager.h(4): fatal error C1083: Datei (Include) kann nicht geöffnet werden: "SDL.h": No such file or directory
         Timer.cpp
     1>c:\users\thao\desktop\gruppeb4\gruppeb4\gruppeb4\gruppeb4\timer.h(6): fatal error C1083: Datei (Include) kann nicht geöffnet werden: "SDL.h": No such file or directory
         Resourcemanager.cpp
     1>c:\users\thao\desktop\gruppeb4\gruppeb4\gruppeb4\gruppeb4\resourcemanager.h(4): fatal error C1083: Datei (Include) kann nicht geöffnet werden: "SDL.h": No such file or directory
         Player.cpp
     1>c:\users\thao\desktop\gruppeb4\gruppeb4\gruppeb4\gruppeb4\resourcemanager.h(4): fatal error C1083: Datei (Include) kann nicht geöffnet werden: "SDL.h": No such file or directory
         Menue.cpp
     1>c:\users\thao\desktop\gruppeb4\gruppeb4\gruppeb4\gruppeb4\resourcemanager.h(4): fatal error C1083: Datei (Include) kann nicht geöffnet werden: "SDL.h": No such file or directory
         main.cpp
     1>c:\users\thao\desktop\gruppeb4\gruppeb4\gruppeb4\gruppeb4\resourcemanager.h(4): fatal error C1083: Datei (Include) kann nicht geöffnet werden: "SDL.h": No such file or directory
         LevelSegment.cpp
     1>c:\users\thao\desktop\gruppeb4\gruppeb4\gruppeb4\gruppeb4\resourcemanager.h(4): fatal error C1083: Datei (Include) kann nicht geöffnet werden: "SDL.h": No such file or directory
         Code wird generiert...
     1>Die Erstellung des Projekts "C:\Users\Thao\Desktop\gruppeB4\GruppeB4\GruppeB4\GruppeB4\GruppeB4.vcxproj" ist abgeschlossen, Build Ziel(e) -- FEHLER.

Fehler beim Buildvorgang.

Verstrichene Zeit 00:00:03.19
